<?xml version="1.0" encoding="UTF-8"?>
<!-- Generated by org.testng.reporters.JUnitReportReporter -->
<testsuite skipped="0" hostname="ntpc01508" name="petStoredemo.SimplePost" tests="1" failures="0" timestamp="17 Sep 2018 09:40:39 GMT" time="2.388" errors="0">
  <testcase name="testpost" time="2.388" classname="petStoredemo.SimplePost"/>
</testsuite> <!-- petStoredemo.SimplePost -->
