<?xml version="1.0" encoding="UTF-8"?>
<!-- Generated by org.testng.reporters.JUnitReportReporter -->
<testsuite skipped="0" hostname="ntpc01508" name="postReq.PostReqPOJO" tests="1" failures="0" timestamp="24 Aug 2018 10:14:21 GMT" time="2.349" errors="0">
  <testcase name="postreq" time="2.349" classname="postReq.PostReqPOJO"/>
</testsuite> <!-- postReq.PostReqPOJO -->
