<?xml version="1.0" encoding="UTF-8"?>
<!-- Generated by org.testng.reporters.JUnitReportReporter -->
<testsuite skipped="0" hostname="ntpc01508" name="petStoredemo.WaysResponseExtraction" tests="2" failures="0" timestamp="12 Sep 2018 12:10:00 GMT" time="3.125" errors="0">
  <testcase name="verifyresponse" time="0.748" classname="petStoredemo.WaysResponseExtraction"/>
  <testcase name="getresponse_path" time="2.377" classname="petStoredemo.WaysResponseExtraction"/>
</testsuite> <!-- petStoredemo.WaysResponseExtraction -->
