<?xml version="1.0" encoding="UTF-8"?>
<!-- Generated by org.testng.reporters.JUnitReportReporter -->
<testsuite skipped="0" hostname="ntpc01508" name="petStoredemo.Authentication_key" tests="1" failures="0" timestamp="10 Sep 2018 12:57:51 GMT" time="2.919" errors="0">
  <testcase name="loginFAQ" time="2.919" classname="petStoredemo.Authentication_key"/>
</testsuite> <!-- petStoredemo.Authentication_key -->
