<?xml version="1.0" encoding="UTF-8"?>
<!-- Generated by org.testng.reporters.JUnitReportReporter -->
<testsuite skipped="2" hostname="ntpc01508" name="simpleGet.getrequest" tests="3" failures="0" timestamp="24 Aug 2018 10:08:08 GMT" time="2.264" errors="0">
  <testcase name="getreq_path" time="2.264" classname="simpleGet.getrequest"/>
  <testcase name="getreq_hardassert" classname="simpleGet.getrequest">
    <skipped/>
  </testcase> <!-- getreq_hardassert -->
  <testcase name="getreq_softassert" classname="simpleGet.getrequest">
    <skipped/>
  </testcase> <!-- getreq_softassert -->
</testsuite> <!-- simpleGet.getrequest -->
