<?xml version="1.0" encoding="UTF-8"?>
<!-- Generated by org.testng.reporters.JUnitReportReporter -->
<testsuite skipped="0" hostname="ntpc01508" name="petStoredemo.RequestSpecTest" tests="1" failures="0" timestamp="12 Sep 2018 09:32:57 GMT" time="2.138" errors="0">
  <testcase name="RequestSpecDemo" time="2.138" classname="petStoredemo.RequestSpecTest"/>
</testsuite> <!-- petStoredemo.RequestSpecTest -->
