<?xml version="1.0" encoding="UTF-8"?>
<!-- Generated by org.testng.reporters.JUnitReportReporter -->
<testsuite skipped="0" hostname="ntpc01508" name="petStoredemo.Clubbing_Req_Res_Spec" tests="1" failures="0" timestamp="12 Sep 2018 09:46:22 GMT" time="2.973" errors="0">
  <testcase name="reslog" time="2.973" classname="petStoredemo.Clubbing_Req_Res_Spec"/>
</testsuite> <!-- petStoredemo.Clubbing_Req_Res_Spec -->
