<?xml version="1.0" encoding="UTF-8"?>
<!-- Generated by org.testng.reporters.JUnitReportReporter -->
<testsuite skipped="0" hostname="ntpc01508" name="petStoredemo.PostRequest" tests="1" failures="0" timestamp="17 Sep 2018 09:49:54 GMT" time="2.234" errors="0">
  <testcase name="testpost" time="2.234" classname="petStoredemo.PostRequest"/>
</testsuite> <!-- petStoredemo.PostRequest -->
