<?xml version="1.0" encoding="UTF-8"?>
<!-- Generated by org.testng.reporters.JUnitReportReporter -->
<testsuite skipped="0" hostname="ntpc01508" name="petStoredemo.SimpleGet" tests="1" failures="0" timestamp="10 Sep 2018 08:39:30 GMT" time="2.134" errors="0">
  <testcase name="GetReq" time="2.134" classname="petStoredemo.SimpleGet"/>
</testsuite> <!-- petStoredemo.SimpleGet -->
