<?xml version="1.0" encoding="UTF-8"?>
<!-- Generated by org.testng.reporters.JUnitReportReporter -->
<testsuite skipped="0" hostname="ntpc01508" name="petStoredemo.ResponseSpec" tests="1" failures="0" timestamp="10 Sep 2018 08:30:35 GMT" time="2.320" errors="0">
  <testcase name="RequestSpecDemo" time="2.320" classname="petStoredemo.ResponseSpec"/>
</testsuite> <!-- petStoredemo.ResponseSpec -->
