<?xml version="1.0" encoding="UTF-8"?>
<!-- Generated by org.testng.reporters.JUnitReportReporter -->
<testsuite skipped="0" hostname="ntpc01508" name="petStoredemo.ResponseTime" tests="2" failures="0" timestamp="12 Sep 2018 09:49:56 GMT" time="3.798" errors="0">
  <testcase name="GetResponseTime" time="2.650" classname="petStoredemo.ResponseTime"/>
  <testcase name="verifyResponseTime" time="1.148" classname="petStoredemo.ResponseTime"/>
</testsuite> <!-- petStoredemo.ResponseTime -->
