<?xml version="1.0" encoding="UTF-8"?>
<!-- Generated by org.testng.reporters.JUnitReportReporter -->
<testsuite skipped="0" hostname="ntpc01508" name="petStoredemo.SimplePost" tests="1" failures="0" timestamp="12 Sep 2018 09:53:35 GMT" time="2.130" errors="0">
  <testcase name="testpost" time="2.130" classname="petStoredemo.SimplePost"/>
</testsuite> <!-- petStoredemo.SimplePost -->
