<?xml version="1.0" encoding="UTF-8"?>
<!-- Generated by org.testng.reporters.JUnitReportReporter -->
<testsuite skipped="0" hostname="ntpc01508" name="postReq.SimplePost" tests="1" failures="0" timestamp="24 Aug 2018 10:12:00 GMT" time="2.486" errors="0">
  <testcase name="testpost" time="2.486" classname="postReq.SimplePost"/>
</testsuite> <!-- postReq.SimplePost -->
