<?xml version="1.0" encoding="UTF-8"?>
<!-- Generated by org.testng.reporters.JUnitReportReporter -->
<testsuite skipped="0" hostname="ntpc01508" name="postReq.Postfile" tests="1" failures="0" timestamp="28 Aug 2018 14:07:59 GMT" time="1.954" errors="0">
  <testcase name="testpost" time="1.954" classname="postReq.Postfile"/>
</testsuite> <!-- postReq.Postfile -->
