<?xml version="1.0" encoding="UTF-8"?>
<!-- Generated by org.testng.reporters.JUnitReportReporter -->
<testsuite skipped="0" hostname="ntpc01508" name="endtoEnd.PlaceOrder" tests="3" failures="0" timestamp="04 Sep 2018 13:55:04 GMT" time="5.981" errors="0">
  <testcase name="placeOrder" time="2.545" classname="endtoEnd.PlaceOrder"/>
  <testcase name="getOrder" time="1.165" classname="endtoEnd.PlaceOrder"/>
  <testcase name="deleteOrder" time="2.271" classname="endtoEnd.PlaceOrder"/>
</testsuite> <!-- endtoEnd.PlaceOrder -->
