<?xml version="1.0" encoding="UTF-8"?>
<!-- Generated by org.testng.reporters.JUnitReportReporter -->
<testsuite skipped="0" hostname="ntpc01508" name="simpleGet.Req_Res_Spec" tests="1" failures="0" timestamp="22 Aug 2018 14:07:15 GMT" time="3.283" errors="0">
  <testcase name="reslog" time="3.283" classname="simpleGet.Req_Res_Spec"/>
</testsuite> <!-- simpleGet.Req_Res_Spec -->
