<?xml version="1.0" encoding="UTF-8"?>
<!-- Generated by org.testng.reporters.JUnitReportReporter -->
<testsuite skipped="0" hostname="ntpc01508" name="petStoredemo.Authentication_basic" tests="1" failures="0" timestamp="10 Sep 2018 11:30:25 GMT" time="1.073" errors="0">
  <testcase name="loginJenkin" time="1.073" classname="petStoredemo.Authentication_basic"/>
</testsuite> <!-- petStoredemo.Authentication_basic -->
